Performing C SOURCE FILE Test CMAKE_HAVE_LIBC_PTHREAD failed with the following output:
Change Dir: /home/maelic/catkin_ws/src/mbot_natural_language_processing/mbot_nlu_classifiers/build/catkin_tools_prebuild/CMakeFiles/CMakeTmp

Run Build Command(s):/usr/bin/make -f Makefile cmTC_d1f7e/fast && /usr/bin/make  -f CMakeFiles/cmTC_d1f7e.dir/build.make CMakeFiles/cmTC_d1f7e.dir/build
make[1]: Entering directory '/home/maelic/catkin_ws/src/mbot_natural_language_processing/mbot_nlu_classifiers/build/catkin_tools_prebuild/CMakeFiles/CMakeTmp'
Building C object CMakeFiles/cmTC_d1f7e.dir/src.c.o
/usr/bin/cc -DCMAKE_HAVE_LIBC_PTHREAD   -o CMakeFiles/cmTC_d1f7e.dir/src.c.o -c /home/maelic/catkin_ws/src/mbot_natural_language_processing/mbot_nlu_classifiers/build/catkin_tools_prebuild/CMakeFiles/CMakeTmp/src.c
Linking C executable cmTC_d1f7e
/usr/local/bin/cmake -E cmake_link_script CMakeFiles/cmTC_d1f7e.dir/link.txt --verbose=1
/usr/bin/cc -rdynamic CMakeFiles/cmTC_d1f7e.dir/src.c.o -o cmTC_d1f7e 
CMakeFiles/cmTC_d1f7e.dir/src.c.o: In function `main':
src.c:(.text+0x3c): undefined reference to `pthread_create'
src.c:(.text+0x48): undefined reference to `pthread_detach'
src.c:(.text+0x54): undefined reference to `pthread_cancel'
src.c:(.text+0x65): undefined reference to `pthread_join'
src.c:(.text+0x79): undefined reference to `pthread_atfork'
collect2: error: ld returned 1 exit status
CMakeFiles/cmTC_d1f7e.dir/build.make:98: recipe for target 'cmTC_d1f7e' failed
make[1]: *** [cmTC_d1f7e] Error 1
make[1]: Leaving directory '/home/maelic/catkin_ws/src/mbot_natural_language_processing/mbot_nlu_classifiers/build/catkin_tools_prebuild/CMakeFiles/CMakeTmp'
Makefile:127: recipe for target 'cmTC_d1f7e/fast' failed
make: *** [cmTC_d1f7e/fast] Error 2


Source file was:
#include <pthread.h>

static void* test_func(void* data)
{
  return data;
}

int main(void)
{
  pthread_t thread;
  pthread_create(&thread, NULL, test_func, NULL);
  pthread_detach(thread);
  pthread_cancel(thread);
  pthread_join(thread, NULL);
  pthread_atfork(NULL, NULL, NULL);
  pthread_exit(NULL);

  return 0;
}

Determining if the function pthread_create exists in the pthreads failed with the following output:
Change Dir: /home/maelic/catkin_ws/src/mbot_natural_language_processing/mbot_nlu_classifiers/build/catkin_tools_prebuild/CMakeFiles/CMakeTmp

Run Build Command(s):/usr/bin/make -f Makefile cmTC_09ef6/fast && /usr/bin/make  -f CMakeFiles/cmTC_09ef6.dir/build.make CMakeFiles/cmTC_09ef6.dir/build
make[1]: Entering directory '/home/maelic/catkin_ws/src/mbot_natural_language_processing/mbot_nlu_classifiers/build/catkin_tools_prebuild/CMakeFiles/CMakeTmp'
Building C object CMakeFiles/cmTC_09ef6.dir/CheckFunctionExists.c.o
/usr/bin/cc   -DCHECK_FUNCTION_EXISTS=pthread_create -o CMakeFiles/cmTC_09ef6.dir/CheckFunctionExists.c.o -c /usr/local/share/cmake-3.20/Modules/CheckFunctionExists.c
Linking C executable cmTC_09ef6
/usr/local/bin/cmake -E cmake_link_script CMakeFiles/cmTC_09ef6.dir/link.txt --verbose=1
/usr/bin/cc  -DCHECK_FUNCTION_EXISTS=pthread_create -rdynamic CMakeFiles/cmTC_09ef6.dir/CheckFunctionExists.c.o -o cmTC_09ef6  -lpthreads 
/usr/bin/ld: cannot find -lpthreads
collect2: error: ld returned 1 exit status
CMakeFiles/cmTC_09ef6.dir/build.make:98: recipe for target 'cmTC_09ef6' failed
make[1]: *** [cmTC_09ef6] Error 1
make[1]: Leaving directory '/home/maelic/catkin_ws/src/mbot_natural_language_processing/mbot_nlu_classifiers/build/catkin_tools_prebuild/CMakeFiles/CMakeTmp'
Makefile:127: recipe for target 'cmTC_09ef6/fast' failed
make: *** [cmTC_09ef6/fast] Error 2



